  Utilities.cpp
c:\users\jack\desktop\education\uni\year 3\advanced graphics programming\tutorial assessment\light mapping\lightmap complete\lightmaptutorial - complete version\lightmaptutorial\rt3d.h(4): fatal error C1083: Cannot open include file: 'GL/glew.h': No such file or directory
  SceneObjects.cpp
c:\users\jack\desktop\education\uni\year 3\advanced graphics programming\tutorial assessment\light mapping\lightmap complete\lightmaptutorial - complete version\lightmaptutorial\rt3d.h(4): fatal error C1083: Cannot open include file: 'GL/glew.h': No such file or directory
  Skybox.cpp
c:\users\jack\desktop\education\uni\year 3\advanced graphics programming\tutorial assessment\light mapping\lightmap complete\lightmaptutorial - complete version\lightmaptutorial\rt3d.h(4): fatal error C1083: Cannot open include file: 'GL/glew.h': No such file or directory
  rt3dObjLoader.cpp
c:\users\jack\desktop\education\uni\year 3\advanced graphics programming\tutorial assessment\light mapping\lightmap complete\lightmaptutorial - complete version\lightmaptutorial\rt3dobjloader.h(14): fatal error C1083: Cannot open include file: 'GL/glew.h': No such file or directory
  rt3d.cpp
c:\users\jack\desktop\education\uni\year 3\advanced graphics programming\tutorial assessment\light mapping\lightmap complete\lightmaptutorial - complete version\lightmaptutorial\rt3d.h(4): fatal error C1083: Cannot open include file: 'GL/glew.h': No such file or directory
  main.cpp
c:\users\jack\desktop\education\uni\year 3\advanced graphics programming\tutorial assessment\light mapping\lightmap complete\lightmaptutorial - complete version\lightmaptutorial\game.h(3): fatal error C1083: Cannot open include file: 'GL/glew.h': No such file or directory
  Lights.cpp
c:\users\jack\desktop\education\uni\year 3\advanced graphics programming\tutorial assessment\light mapping\lightmap complete\lightmaptutorial - complete version\lightmaptutorial\rt3d.h(4): fatal error C1083: Cannot open include file: 'GL/glew.h': No such file or directory
  HUD.cpp
c:\users\jack\desktop\education\uni\year 3\advanced graphics programming\tutorial assessment\light mapping\lightmap complete\lightmaptutorial - complete version\lightmaptutorial\rt3d.h(4): fatal error C1083: Cannot open include file: 'GL/glew.h': No such file or directory
  Game.cpp
c:\users\jack\desktop\education\uni\year 3\advanced graphics programming\tutorial assessment\light mapping\lightmap complete\lightmaptutorial - complete version\lightmaptutorial\game.h(3): fatal error C1083: Cannot open include file: 'GL/glew.h': No such file or directory
  Camera.cpp
c:\users\jack\desktop\education\uni\year 3\advanced graphics programming\tutorial assessment\light mapping\lightmap complete\lightmaptutorial - complete version\lightmaptutorial\rt3d.h(4): fatal error C1083: Cannot open include file: 'GL/glew.h': No such file or directory
  Generating Code...
