e:\uni\year 3\advanced graphics programming\tutorial assessment\light mapping\lightmap complete\lightmaptutorial - complete version\debug\lightmaptutorial.ilk
e:\uni\year 3\advanced graphics programming\tutorial assessment\light mapping\lightmap complete\lightmaptutorial - complete version\debug\lightmaptutorial.exe
e:\uni\year 3\advanced graphics programming\tutorial assessment\light mapping\lightmap complete\lightmaptutorial - complete version\debug\lightmaptutorial.pdb
e:\uni\year 3\advanced graphics programming\tutorial assessment\light mapping\lightmap complete\lightmaptutorial - complete version\lightmaptutorial\debug\vc141.pdb
e:\uni\year 3\advanced graphics programming\tutorial assessment\light mapping\lightmap complete\lightmaptutorial - complete version\lightmaptutorial\debug\vc141.idb
e:\uni\year 3\advanced graphics programming\tutorial assessment\light mapping\lightmap complete\lightmaptutorial - complete version\lightmaptutorial\debug\camera.obj
e:\uni\year 3\advanced graphics programming\tutorial assessment\light mapping\lightmap complete\lightmaptutorial - complete version\lightmaptutorial\debug\game.obj
e:\uni\year 3\advanced graphics programming\tutorial assessment\light mapping\lightmap complete\lightmaptutorial - complete version\lightmaptutorial\debug\lights.obj
e:\uni\year 3\advanced graphics programming\tutorial assessment\light mapping\lightmap complete\lightmaptutorial - complete version\lightmaptutorial\debug\main.obj
e:\uni\year 3\advanced graphics programming\tutorial assessment\light mapping\lightmap complete\lightmaptutorial - complete version\lightmaptutorial\debug\rt3dobjloader.obj
e:\uni\year 3\advanced graphics programming\tutorial assessment\light mapping\lightmap complete\lightmaptutorial - complete version\lightmaptutorial\debug\skybox.obj
e:\uni\year 3\advanced graphics programming\tutorial assessment\light mapping\lightmap complete\lightmaptutorial - complete version\lightmaptutorial\debug\sceneobjects.obj
e:\uni\year 3\advanced graphics programming\tutorial assessment\light mapping\lightmap complete\lightmaptutorial - complete version\lightmaptutorial\debug\utilities.obj
e:\uni\year 3\advanced graphics programming\tutorial assessment\light mapping\lightmap complete\lightmaptutorial - complete version\lightmaptutorial\debug\rt3d.obj
e:\uni\year 3\advanced graphics programming\tutorial assessment\light mapping\lightmap complete\lightmaptutorial - complete version\lightmaptutorial\debug\lightmaptutorial.tlog\cl.command.1.tlog
e:\uni\year 3\advanced graphics programming\tutorial assessment\light mapping\lightmap complete\lightmaptutorial - complete version\lightmaptutorial\debug\lightmaptutorial.tlog\link.command.1.tlog
e:\uni\year 3\advanced graphics programming\tutorial assessment\light mapping\lightmap complete\lightmaptutorial - complete version\lightmaptutorial\debug\lightmaptutorial.tlog\cl.read.1.tlog
e:\uni\year 3\advanced graphics programming\tutorial assessment\light mapping\lightmap complete\lightmaptutorial - complete version\lightmaptutorial\debug\lightmaptutorial.tlog\link.read.1.tlog
e:\uni\year 3\advanced graphics programming\tutorial assessment\light mapping\lightmap complete\lightmaptutorial - complete version\lightmaptutorial\debug\lightmaptutorial.tlog\link.write.1.tlog
e:\uni\year 3\advanced graphics programming\tutorial assessment\light mapping\lightmap complete\lightmaptutorial - complete version\lightmaptutorial\debug\lightmaptutorial.tlog\cl.write.1.tlog
